Build output check failed:
    Regex: 'command[- ]line option .* is valid for .* but not for C'
    Output line: 'cc1: warning: command-line option ‘-Wnon-virtual-dtor’ is valid for C++/ObjC++ but not for C'
Compilation failed:
    source file: '/root/opencv/build/CMakeFiles/CMakeTmp/src.c'
    check option: ' -fsigned-char -W -Wall -Wreturn-type  -Wnon-virtual-dtor'
===== BUILD LOG =====
Change Dir: '/root/opencv/build/CMakeFiles/CMakeTmp'

Run Build Command(s): /usr/local/lib/python3.10/dist-packages/cmake/data/bin/cmake -E env VERBOSE=1 /usr/bin/gmake -f Makefile cmTC_c8ee5/fast
/usr/bin/gmake  -f CMakeFiles/cmTC_c8ee5.dir/build.make CMakeFiles/cmTC_c8ee5.dir/build
gmake[1]: Entering directory '/root/opencv/build/CMakeFiles/CMakeTmp'
Building C object CMakeFiles/cmTC_c8ee5.dir/src.c.o
/usr/bin/cc   -O3 -DNDEBUG -fPIE    -fsigned-char -W -Wall -Wreturn-type  -Wnon-virtual-dtor -o CMakeFiles/cmTC_c8ee5.dir/src.c.o -c /root/opencv/build/CMakeFiles/CMakeTmp/src.c
cc1: warning: command-line option ‘-Wnon-virtual-dtor’ is valid for C++/ObjC++ but not for C
/root/opencv/build/CMakeFiles/CMakeTmp/src.c:1: warning: ignoring ‘#pragma  ’ [-Wunknown-pragmas]
    1 | #pragma
      | 
Linking C executable cmTC_c8ee5
/usr/local/lib/python3.10/dist-packages/cmake/data/bin/cmake -E cmake_link_script CMakeFiles/cmTC_c8ee5.dir/link.txt --verbose=1
/usr/bin/cc -O3 -DNDEBUG CMakeFiles/cmTC_c8ee5.dir/src.c.o -o cmTC_c8ee5 
gmake[1]: Leaving directory '/root/opencv/build/CMakeFiles/CMakeTmp'


===== END =====

Build output check failed:
    Regex: 'command[- ]line option .* is valid for .* but not for C\+\+'
    Output line: 'cc1plus: warning: command-line option ‘-Wmissing-prototypes’ is valid for C/ObjC but not for C++'
Compilation failed:
    source file: '/root/opencv/build/CMakeFiles/CMakeTmp/src.cxx'
    check option: ' -fsigned-char -W -Wall -Wreturn-type -Wnon-virtual-dtor -Waddress -Wsequence-point -Wformat -Wformat-security -Wmissing-declarations  -Wmissing-prototypes'
===== BUILD LOG =====
Change Dir: '/root/opencv/build/CMakeFiles/CMakeTmp'

Run Build Command(s): /usr/local/lib/python3.10/dist-packages/cmake/data/bin/cmake -E env VERBOSE=1 /usr/bin/gmake -f Makefile cmTC_393c5/fast
/usr/bin/gmake  -f CMakeFiles/cmTC_393c5.dir/build.make CMakeFiles/cmTC_393c5.dir/build
gmake[1]: Entering directory '/root/opencv/build/CMakeFiles/CMakeTmp'
Building CXX object CMakeFiles/cmTC_393c5.dir/src.cxx.o
/usr/bin/c++   -O3 -DNDEBUG -std=c++11 -fPIE    -fsigned-char -W -Wall -Wreturn-type -Wnon-virtual-dtor -Waddress -Wsequence-point -Wformat -Wformat-security -Wmissing-declarations  -Wmissing-prototypes -o CMakeFiles/cmTC_393c5.dir/src.cxx.o -c /root/opencv/build/CMakeFiles/CMakeTmp/src.cxx
cc1plus: warning: command-line option ‘-Wmissing-prototypes’ is valid for C/ObjC but not for C++
/root/opencv/build/CMakeFiles/CMakeTmp/src.cxx:1: warning: ignoring ‘#pragma  ’ [-Wunknown-pragmas]
    1 | #pragma
      | 
Linking CXX executable cmTC_393c5
/usr/local/lib/python3.10/dist-packages/cmake/data/bin/cmake -E cmake_link_script CMakeFiles/cmTC_393c5.dir/link.txt --verbose=1
/usr/bin/c++ -O3 -DNDEBUG CMakeFiles/cmTC_393c5.dir/src.cxx.o -o cmTC_393c5 
gmake[1]: Leaving directory '/root/opencv/build/CMakeFiles/CMakeTmp'


===== END =====

Build output check failed:
    Regex: 'command[- ]line option .* is valid for .* but not for C\+\+'
    Output line: 'cc1plus: warning: command-line option ‘-Wstrict-prototypes’ is valid for C/ObjC but not for C++'
Compilation failed:
    source file: '/root/opencv/build/CMakeFiles/CMakeTmp/src.cxx'
    check option: ' -fsigned-char -W -Wall -Wreturn-type -Wnon-virtual-dtor -Waddress -Wsequence-point -Wformat -Wformat-security -Wmissing-declarations  -Wstrict-prototypes'
===== BUILD LOG =====
Change Dir: '/root/opencv/build/CMakeFiles/CMakeTmp'

Run Build Command(s): /usr/local/lib/python3.10/dist-packages/cmake/data/bin/cmake -E env VERBOSE=1 /usr/bin/gmake -f Makefile cmTC_b3a85/fast
/usr/bin/gmake  -f CMakeFiles/cmTC_b3a85.dir/build.make CMakeFiles/cmTC_b3a85.dir/build
gmake[1]: Entering directory '/root/opencv/build/CMakeFiles/CMakeTmp'
Building CXX object CMakeFiles/cmTC_b3a85.dir/src.cxx.o
/usr/bin/c++   -O3 -DNDEBUG -std=c++11 -fPIE    -fsigned-char -W -Wall -Wreturn-type -Wnon-virtual-dtor -Waddress -Wsequence-point -Wformat -Wformat-security -Wmissing-declarations  -Wstrict-prototypes -o CMakeFiles/cmTC_b3a85.dir/src.cxx.o -c /root/opencv/build/CMakeFiles/CMakeTmp/src.cxx
cc1plus: warning: command-line option ‘-Wstrict-prototypes’ is valid for C/ObjC but not for C++
/root/opencv/build/CMakeFiles/CMakeTmp/src.cxx:1: warning: ignoring ‘#pragma  ’ [-Wunknown-pragmas]
    1 | #pragma
      | 
Linking CXX executable cmTC_b3a85
/usr/local/lib/python3.10/dist-packages/cmake/data/bin/cmake -E cmake_link_script CMakeFiles/cmTC_b3a85.dir/link.txt --verbose=1
/usr/bin/c++ -O3 -DNDEBUG CMakeFiles/cmTC_b3a85.dir/src.cxx.o -o cmTC_b3a85 
gmake[1]: Leaving directory '/root/opencv/build/CMakeFiles/CMakeTmp'


===== END =====

Build output check failed:
    Regex: 'command[- ]line option .* is valid for .* but not for C'
    Output line: 'cc1: warning: command-line option ‘-Wsign-promo’ is valid for C++/ObjC++ but not for C'
Compilation failed:
    source file: '/root/opencv/build/CMakeFiles/CMakeTmp/src.c'
    check option: ' -fsigned-char -W -Wall -Wreturn-type -Waddress -Wsequence-point -Wformat -Wformat-security -Wmissing-declarations -Wmissing-prototypes -Wstrict-prototypes -Wundef -Winit-self -Wpointer-arith -Wshadow  -Wsign-promo'
===== BUILD LOG =====
Change Dir: '/root/opencv/build/CMakeFiles/CMakeTmp'

Run Build Command(s): /usr/local/lib/python3.10/dist-packages/cmake/data/bin/cmake -E env VERBOSE=1 /usr/bin/gmake -f Makefile cmTC_2ba9c/fast
/usr/bin/gmake  -f CMakeFiles/cmTC_2ba9c.dir/build.make CMakeFiles/cmTC_2ba9c.dir/build
gmake[1]: Entering directory '/root/opencv/build/CMakeFiles/CMakeTmp'
Building C object CMakeFiles/cmTC_2ba9c.dir/src.c.o
/usr/bin/cc   -O3 -DNDEBUG -fPIE    -fsigned-char -W -Wall -Wreturn-type -Waddress -Wsequence-point -Wformat -Wformat-security -Wmissing-declarations -Wmissing-prototypes -Wstrict-prototypes -Wundef -Winit-self -Wpointer-arith -Wshadow  -Wsign-promo -o CMakeFiles/cmTC_2ba9c.dir/src.c.o -c /root/opencv/build/CMakeFiles/CMakeTmp/src.c
cc1: warning: command-line option ‘-Wsign-promo’ is valid for C++/ObjC++ but not for C
/root/opencv/build/CMakeFiles/CMakeTmp/src.c:1: warning: ignoring ‘#pragma  ’ [-Wunknown-pragmas]
    1 | #pragma
      | 
Linking C executable cmTC_2ba9c
/usr/local/lib/python3.10/dist-packages/cmake/data/bin/cmake -E cmake_link_script CMakeFiles/cmTC_2ba9c.dir/link.txt --verbose=1
/usr/bin/cc -O3 -DNDEBUG CMakeFiles/cmTC_2ba9c.dir/src.c.o -o cmTC_2ba9c 
gmake[1]: Leaving directory '/root/opencv/build/CMakeFiles/CMakeTmp'


===== END =====

Build output check failed:
    Regex: 'command[- ]line option .* is valid for .* but not for C'
    Output line: 'cc1: warning: command-line option ‘-Wsuggest-override’ is valid for C++/ObjC++ but not for C'
Compilation failed:
    source file: '/root/opencv/build/CMakeFiles/CMakeTmp/src.c'
    check option: ' -fsigned-char -W -Wall -Wreturn-type -Waddress -Wsequence-point -Wformat -Wformat-security -Wmissing-declarations -Wmissing-prototypes -Wstrict-prototypes -Wundef -Winit-self -Wpointer-arith -Wshadow -Wuninitialized  -Wsuggest-override'
===== BUILD LOG =====
Change Dir: '/root/opencv/build/CMakeFiles/CMakeTmp'

Run Build Command(s): /usr/local/lib/python3.10/dist-packages/cmake/data/bin/cmake -E env VERBOSE=1 /usr/bin/gmake -f Makefile cmTC_23a40/fast
/usr/bin/gmake  -f CMakeFiles/cmTC_23a40.dir/build.make CMakeFiles/cmTC_23a40.dir/build
gmake[1]: Entering directory '/root/opencv/build/CMakeFiles/CMakeTmp'
Building C object CMakeFiles/cmTC_23a40.dir/src.c.o
/usr/bin/cc   -O3 -DNDEBUG -fPIE    -fsigned-char -W -Wall -Wreturn-type -Waddress -Wsequence-point -Wformat -Wformat-security -Wmissing-declarations -Wmissing-prototypes -Wstrict-prototypes -Wundef -Winit-self -Wpointer-arith -Wshadow -Wuninitialized  -Wsuggest-override -o CMakeFiles/cmTC_23a40.dir/src.c.o -c /root/opencv/build/CMakeFiles/CMakeTmp/src.c
cc1: warning: command-line option ‘-Wsuggest-override’ is valid for C++/ObjC++ but not for C
/root/opencv/build/CMakeFiles/CMakeTmp/src.c:1: warning: ignoring ‘#pragma  ’ [-Wunknown-pragmas]
    1 | #pragma
      | 
Linking C executable cmTC_23a40
/usr/local/lib/python3.10/dist-packages/cmake/data/bin/cmake -E cmake_link_script CMakeFiles/cmTC_23a40.dir/link.txt --verbose=1
/usr/bin/cc -O3 -DNDEBUG CMakeFiles/cmTC_23a40.dir/src.c.o -o cmTC_23a40 
gmake[1]: Leaving directory '/root/opencv/build/CMakeFiles/CMakeTmp'


===== END =====

Build output check failed:
    Regex: 'command[- ]line option .* is valid for .* but not for C'
    Output line: 'cc1: warning: command-line option ‘-Wno-delete-non-virtual-dtor’ is valid for C++/ObjC++ but not for C'
Compilation failed:
    source file: '/root/opencv/build/CMakeFiles/CMakeTmp/src.c'
    check option: ' -fsigned-char -W -Wall -Wreturn-type -Waddress -Wsequence-point -Wformat -Wformat-security -Wmissing-declarations -Wmissing-prototypes -Wstrict-prototypes -Wundef -Winit-self -Wpointer-arith -Wshadow -Wuninitialized  -Wno-delete-non-virtual-dtor'
===== BUILD LOG =====
Change Dir: '/root/opencv/build/CMakeFiles/CMakeTmp'

Run Build Command(s): /usr/local/lib/python3.10/dist-packages/cmake/data/bin/cmake -E env VERBOSE=1 /usr/bin/gmake -f Makefile cmTC_d30ca/fast
/usr/bin/gmake  -f CMakeFiles/cmTC_d30ca.dir/build.make CMakeFiles/cmTC_d30ca.dir/build
gmake[1]: Entering directory '/root/opencv/build/CMakeFiles/CMakeTmp'
Building C object CMakeFiles/cmTC_d30ca.dir/src.c.o
/usr/bin/cc   -O3 -DNDEBUG -fPIE    -fsigned-char -W -Wall -Wreturn-type -Waddress -Wsequence-point -Wformat -Wformat-security -Wmissing-declarations -Wmissing-prototypes -Wstrict-prototypes -Wundef -Winit-self -Wpointer-arith -Wshadow -Wuninitialized  -Wno-delete-non-virtual-dtor -o CMakeFiles/cmTC_d30ca.dir/src.c.o -c /root/opencv/build/CMakeFiles/CMakeTmp/src.c
cc1: warning: command-line option ‘-Wno-delete-non-virtual-dtor’ is valid for C++/ObjC++ but not for C
/root/opencv/build/CMakeFiles/CMakeTmp/src.c:1: warning: ignoring ‘#pragma  ’ [-Wunknown-pragmas]
    1 | #pragma
      | 
Linking C executable cmTC_d30ca
/usr/local/lib/python3.10/dist-packages/cmake/data/bin/cmake -E cmake_link_script CMakeFiles/cmTC_d30ca.dir/link.txt --verbose=1
/usr/bin/cc -O3 -DNDEBUG CMakeFiles/cmTC_d30ca.dir/src.c.o -o cmTC_d30ca 
gmake[1]: Leaving directory '/root/opencv/build/CMakeFiles/CMakeTmp'


===== END =====

Build output check failed:
    Regex: 'unrecognized .*option'
    Output line: 'cc1plus: note: unrecognized command-line option ‘-Wno-unnamed-type-template-args’ may have been intended to silence earlier diagnostics'
Compilation failed:
    source file: '/root/opencv/build/CMakeFiles/CMakeTmp/src.cxx'
    check option: ' -fsigned-char -W -Wall -Wreturn-type -Wnon-virtual-dtor -Waddress -Wsequence-point -Wformat -Wformat-security -Wmissing-declarations -Wundef -Winit-self -Wpointer-arith -Wshadow -Wsign-promo -Wuninitialized -Wsuggest-override -Wno-delete-non-virtual-dtor  -Wno-unnamed-type-template-args'
===== BUILD LOG =====
Change Dir: '/root/opencv/build/CMakeFiles/CMakeTmp'

Run Build Command(s): /usr/local/lib/python3.10/dist-packages/cmake/data/bin/cmake -E env VERBOSE=1 /usr/bin/gmake -f Makefile cmTC_5f047/fast
/usr/bin/gmake  -f CMakeFiles/cmTC_5f047.dir/build.make CMakeFiles/cmTC_5f047.dir/build
gmake[1]: Entering directory '/root/opencv/build/CMakeFiles/CMakeTmp'
Building CXX object CMakeFiles/cmTC_5f047.dir/src.cxx.o
/usr/bin/c++   -O3 -DNDEBUG -std=c++11 -fPIE    -fsigned-char -W -Wall -Wreturn-type -Wnon-virtual-dtor -Waddress -Wsequence-point -Wformat -Wformat-security -Wmissing-declarations -Wundef -Winit-self -Wpointer-arith -Wshadow -Wsign-promo -Wuninitialized -Wsuggest-override -Wno-delete-non-virtual-dtor  -Wno-unnamed-type-template-args -o CMakeFiles/cmTC_5f047.dir/src.cxx.o -c /root/opencv/build/CMakeFiles/CMakeTmp/src.cxx
/root/opencv/build/CMakeFiles/CMakeTmp/src.cxx:1: warning: ignoring ‘#pragma  ’ [-Wunknown-pragmas]
    1 | #pragma
      | 
cc1plus: note: unrecognized command-line option ‘-Wno-unnamed-type-template-args’ may have been intended to silence earlier diagnostics
Linking CXX executable cmTC_5f047
/usr/local/lib/python3.10/dist-packages/cmake/data/bin/cmake -E cmake_link_script CMakeFiles/cmTC_5f047.dir/link.txt --verbose=1
/usr/bin/c++ -O3 -DNDEBUG CMakeFiles/cmTC_5f047.dir/src.cxx.o -o cmTC_5f047 
gmake[1]: Leaving directory '/root/opencv/build/CMakeFiles/CMakeTmp'


===== END =====

Build output check failed:
    Regex: 'unrecognized .*option'
    Output line: 'cc1: note: unrecognized command-line option ‘-Wno-unnamed-type-template-args’ may have been intended to silence earlier diagnostics'
Compilation failed:
    source file: '/root/opencv/build/CMakeFiles/CMakeTmp/src.c'
    check option: ' -fsigned-char -W -Wall -Wreturn-type -Waddress -Wsequence-point -Wformat -Wformat-security -Wmissing-declarations -Wmissing-prototypes -Wstrict-prototypes -Wundef -Winit-self -Wpointer-arith -Wshadow -Wuninitialized  -Wno-unnamed-type-template-args'
===== BUILD LOG =====
Change Dir: '/root/opencv/build/CMakeFiles/CMakeTmp'

Run Build Command(s): /usr/local/lib/python3.10/dist-packages/cmake/data/bin/cmake -E env VERBOSE=1 /usr/bin/gmake -f Makefile cmTC_b27e5/fast
/usr/bin/gmake  -f CMakeFiles/cmTC_b27e5.dir/build.make CMakeFiles/cmTC_b27e5.dir/build
gmake[1]: Entering directory '/root/opencv/build/CMakeFiles/CMakeTmp'
Building C object CMakeFiles/cmTC_b27e5.dir/src.c.o
/usr/bin/cc   -O3 -DNDEBUG -fPIE    -fsigned-char -W -Wall -Wreturn-type -Waddress -Wsequence-point -Wformat -Wformat-security -Wmissing-declarations -Wmissing-prototypes -Wstrict-prototypes -Wundef -Winit-self -Wpointer-arith -Wshadow -Wuninitialized  -Wno-unnamed-type-template-args -o CMakeFiles/cmTC_b27e5.dir/src.c.o -c /root/opencv/build/CMakeFiles/CMakeTmp/src.c
/root/opencv/build/CMakeFiles/CMakeTmp/src.c:1: warning: ignoring ‘#pragma  ’ [-Wunknown-pragmas]
    1 | #pragma
      | 
cc1: note: unrecognized command-line option ‘-Wno-unnamed-type-template-args’ may have been intended to silence earlier diagnostics
Linking C executable cmTC_b27e5
/usr/local/lib/python3.10/dist-packages/cmake/data/bin/cmake -E cmake_link_script CMakeFiles/cmTC_b27e5.dir/link.txt --verbose=1
/usr/bin/cc -O3 -DNDEBUG CMakeFiles/cmTC_b27e5.dir/src.c.o -o cmTC_b27e5 
gmake[1]: Leaving directory '/root/opencv/build/CMakeFiles/CMakeTmp'


===== END =====

Build output check failed:
    Regex: 'command[- ]line option .* is valid for .* but not for C'
    Output line: 'cc1: warning: command-line option ‘-fvisibility-inlines-hidden’ is valid for C++/ObjC++ but not for C'
Compilation failed:
    source file: '/root/opencv/build/CMakeFiles/CMakeTmp/src.c'
    check option: ' -fsigned-char -W -Wall -Wreturn-type -Waddress -Wsequence-point -Wformat -Wformat-security -Wmissing-declarations -Wmissing-prototypes -Wstrict-prototypes -Wundef -Winit-self -Wpointer-arith -Wshadow -Wuninitialized -Wno-comment -Wimplicit-fallthrough=3 -Wno-strict-overflow -fdiagnostics-show-option -Wno-long-long -pthread -fomit-frame-pointer -ffunction-sections -fdata-sections  -msse -msse2 -msse3 -fvisibility=hidden  -fvisibility-inlines-hidden'
===== BUILD LOG =====
Change Dir: '/root/opencv/build/CMakeFiles/CMakeTmp'

Run Build Command(s): /usr/local/lib/python3.10/dist-packages/cmake/data/bin/cmake -E env VERBOSE=1 /usr/bin/gmake -f Makefile cmTC_af889/fast
/usr/bin/gmake  -f CMakeFiles/cmTC_af889.dir/build.make CMakeFiles/cmTC_af889.dir/build
gmake[1]: Entering directory '/root/opencv/build/CMakeFiles/CMakeTmp'
Building C object CMakeFiles/cmTC_af889.dir/src.c.o
/usr/bin/cc   -O3 -DNDEBUG -fPIE    -fsigned-char -W -Wall -Wreturn-type -Waddress -Wsequence-point -Wformat -Wformat-security -Wmissing-declarations -Wmissing-prototypes -Wstrict-prototypes -Wundef -Winit-self -Wpointer-arith -Wshadow -Wuninitialized -Wno-comment -Wimplicit-fallthrough=3 -Wno-strict-overflow -fdiagnostics-show-option -Wno-long-long -pthread -fomit-frame-pointer -ffunction-sections -fdata-sections  -msse -msse2 -msse3 -fvisibility=hidden  -fvisibility-inlines-hidden -o CMakeFiles/cmTC_af889.dir/src.c.o -c /root/opencv/build/CMakeFiles/CMakeTmp/src.c
cc1: warning: command-line option ‘-fvisibility-inlines-hidden’ is valid for C++/ObjC++ but not for C
/root/opencv/build/CMakeFiles/CMakeTmp/src.c:1: warning: ignoring ‘#pragma  ’ [-Wunknown-pragmas]
    1 | #pragma
      | 
Linking C executable cmTC_af889
/usr/local/lib/python3.10/dist-packages/cmake/data/bin/cmake -E cmake_link_script CMakeFiles/cmTC_af889.dir/link.txt --verbose=1
/usr/bin/cc -O3 -DNDEBUG CMakeFiles/cmTC_af889.dir/src.c.o -o cmTC_af889 
gmake[1]: Leaving directory '/root/opencv/build/CMakeFiles/CMakeTmp'


===== END =====

Build output check failed:
    Regex: 'command[- ]line option .* is valid for .* but not for C\+\+'
    Output line: 'cc1plus: warning: command-line option ‘-Wno-missing-prototypes’ is valid for C/ObjC but not for C++'
Compilation failed:
    source file: '/root/opencv/build/CMakeFiles/CMakeTmp/src.cxx'
    check option: ' -Wno-missing-prototypes'
===== BUILD LOG =====
Change Dir: '/root/opencv/build/CMakeFiles/CMakeTmp'

Run Build Command(s): /usr/local/lib/python3.10/dist-packages/cmake/data/bin/cmake -E env VERBOSE=1 /usr/bin/gmake -f Makefile cmTC_a6b2e/fast
/usr/bin/gmake  -f CMakeFiles/cmTC_a6b2e.dir/build.make CMakeFiles/cmTC_a6b2e.dir/build
gmake[1]: Entering directory '/root/opencv/build/CMakeFiles/CMakeTmp'
Building CXX object CMakeFiles/cmTC_a6b2e.dir/src.cxx.o
/usr/bin/c++   -fsigned-char -W -Wall -Wreturn-type -Wnon-virtual-dtor -Waddress -Wsequence-point -Wformat -Wformat-security -Wmissing-declarations -Wundef -Winit-self -Wpointer-arith -Wshadow -Wsign-promo -Wuninitialized -Wsuggest-override -Wno-delete-non-virtual-dtor -Wno-comment -Wimplicit-fallthrough=3 -Wno-strict-overflow -fdiagnostics-show-option -Wno-long-long -pthread -fomit-frame-pointer -ffunction-sections -fdata-sections  -msse -msse2 -msse3 -fvisibility=hidden -fvisibility-inlines-hidden -Wno-deprecated  -O3 -DNDEBUG  -DNDEBUG -std=c++11 -fPIE    -Wno-missing-prototypes -o CMakeFiles/cmTC_a6b2e.dir/src.cxx.o -c /root/opencv/build/CMakeFiles/CMakeTmp/src.cxx
cc1plus: warning: command-line option ‘-Wno-missing-prototypes’ is valid for C/ObjC but not for C++
/root/opencv/build/CMakeFiles/CMakeTmp/src.cxx:1: warning: ignoring ‘#pragma  ’ [-Wunknown-pragmas]
    1 | #pragma
      | 
Linking CXX executable cmTC_a6b2e
/usr/local/lib/python3.10/dist-packages/cmake/data/bin/cmake -E cmake_link_script CMakeFiles/cmTC_a6b2e.dir/link.txt --verbose=1
/usr/bin/c++    -fsigned-char -W -Wall -Wreturn-type -Wnon-virtual-dtor -Waddress -Wsequence-point -Wformat -Wformat-security -Wmissing-declarations -Wundef -Winit-self -Wpointer-arith -Wshadow -Wsign-promo -Wuninitialized -Wsuggest-override -Wno-delete-non-virtual-dtor -Wno-comment -Wimplicit-fallthrough=3 -Wno-strict-overflow -fdiagnostics-show-option -Wno-long-long -pthread -fomit-frame-pointer -ffunction-sections -fdata-sections  -msse -msse2 -msse3 -fvisibility=hidden -fvisibility-inlines-hidden -Wno-deprecated  -O3 -DNDEBUG  -DNDEBUG   -Wl,--gc-sections -Wl,--as-needed -Wl,--no-undefined  CMakeFiles/cmTC_a6b2e.dir/src.cxx.o -o cmTC_a6b2e 
gmake[1]: Leaving directory '/root/opencv/build/CMakeFiles/CMakeTmp'


===== END =====

Build output check failed:
    Regex: 'unrecognized .*option'
    Output line: 'cc1plus: note: unrecognized command-line option ‘-Wno-tautological-undefined-compare’ may have been intended to silence earlier diagnostics'
Compilation failed:
    source file: '/root/opencv/build/CMakeFiles/CMakeTmp/src.cxx'
    check option: ' -Wno-tautological-undefined-compare'
===== BUILD LOG =====
Change Dir: '/root/opencv/build/CMakeFiles/CMakeTmp'

Run Build Command(s): /usr/local/lib/python3.10/dist-packages/cmake/data/bin/cmake -E env VERBOSE=1 /usr/bin/gmake -f Makefile cmTC_f4a0d/fast
/usr/bin/gmake  -f CMakeFiles/cmTC_f4a0d.dir/build.make CMakeFiles/cmTC_f4a0d.dir/build
gmake[1]: Entering directory '/root/opencv/build/CMakeFiles/CMakeTmp'
Building CXX object CMakeFiles/cmTC_f4a0d.dir/src.cxx.o
/usr/bin/c++   -fsigned-char -W -Wall -Wreturn-type -Wnon-virtual-dtor -Waddress -Wsequence-point -Wformat -Wformat-security -Winit-self -Wpointer-arith -Wuninitialized -Wsuggest-override -Wno-delete-non-virtual-dtor -Wno-comment -Wimplicit-fallthrough=3 -Wno-strict-overflow -fdiagnostics-show-option -Wno-long-long -pthread -fomit-frame-pointer -ffunction-sections -fdata-sections  -msse -msse2 -msse3 -fvisibility=hidden -fvisibility-inlines-hidden -Wno-deprecated -Wno-missing-declarations -Wno-shadow -Wno-unused-parameter -Wno-unused-local-typedefs -Wno-sign-compare -Wno-sign-promo -Wno-undef  -O3 -DNDEBUG  -DNDEBUG -std=c++11 -fPIE    -Wno-tautological-undefined-compare -o CMakeFiles/cmTC_f4a0d.dir/src.cxx.o -c /root/opencv/build/CMakeFiles/CMakeTmp/src.cxx
/root/opencv/build/CMakeFiles/CMakeTmp/src.cxx:1: warning: ignoring ‘#pragma  ’ [-Wunknown-pragmas]
    1 | #pragma
      | 
cc1plus: note: unrecognized command-line option ‘-Wno-tautological-undefined-compare’ may have been intended to silence earlier diagnostics
Linking CXX executable cmTC_f4a0d
/usr/local/lib/python3.10/dist-packages/cmake/data/bin/cmake -E cmake_link_script CMakeFiles/cmTC_f4a0d.dir/link.txt --verbose=1
/usr/bin/c++    -fsigned-char -W -Wall -Wreturn-type -Wnon-virtual-dtor -Waddress -Wsequence-point -Wformat -Wformat-security -Winit-self -Wpointer-arith -Wuninitialized -Wsuggest-override -Wno-delete-non-virtual-dtor -Wno-comment -Wimplicit-fallthrough=3 -Wno-strict-overflow -fdiagnostics-show-option -Wno-long-long -pthread -fomit-frame-pointer -ffunction-sections -fdata-sections  -msse -msse2 -msse3 -fvisibility=hidden -fvisibility-inlines-hidden -Wno-deprecated -Wno-missing-declarations -Wno-shadow -Wno-unused-parameter -Wno-unused-local-typedefs -Wno-sign-compare -Wno-sign-promo -Wno-undef  -O3 -DNDEBUG  -DNDEBUG   -Wl,--gc-sections -Wl,--as-needed -Wl,--no-undefined  CMakeFiles/cmTC_f4a0d.dir/src.cxx.o -o cmTC_f4a0d 
gmake[1]: Leaving directory '/root/opencv/build/CMakeFiles/CMakeTmp'


===== END =====

Build output check failed:
    Regex: 'unrecognized .*option'
    Output line: 'cc1plus: note: unrecognized command-line option ‘-Wno-shorten-64-to-32’ may have been intended to silence earlier diagnostics'
Compilation failed:
    source file: '/root/opencv/build/CMakeFiles/CMakeTmp/src.cxx'
    check option: ' -Wno-shorten-64-to-32'
===== BUILD LOG =====
Change Dir: '/root/opencv/build/CMakeFiles/CMakeTmp'

Run Build Command(s): /usr/local/lib/python3.10/dist-packages/cmake/data/bin/cmake -E env VERBOSE=1 /usr/bin/gmake -f Makefile cmTC_5f749/fast
/usr/bin/gmake  -f CMakeFiles/cmTC_5f749.dir/build.make CMakeFiles/cmTC_5f749.dir/build
gmake[1]: Entering directory '/root/opencv/build/CMakeFiles/CMakeTmp'
Building CXX object CMakeFiles/cmTC_5f749.dir/src.cxx.o
/usr/bin/c++   -fsigned-char -W -Wall -Wreturn-type -Wnon-virtual-dtor -Waddress -Wsequence-point -Wformat -Wformat-security -Winit-self -Wpointer-arith -Wuninitialized -Wsuggest-override -Wno-delete-non-virtual-dtor -Wno-comment -Wimplicit-fallthrough=3 -Wno-strict-overflow -fdiagnostics-show-option -Wno-long-long -pthread -fomit-frame-pointer -ffunction-sections -fdata-sections  -msse -msse2 -msse3 -fvisibility=hidden -fvisibility-inlines-hidden -Wno-deprecated -Wno-missing-declarations -Wno-shadow -Wno-unused-parameter -Wno-unused-local-typedefs -Wno-sign-compare -Wno-sign-promo -Wno-undef -Wno-ignored-qualifiers -Wno-extra -Wno-unused-function -Wno-unused-const-variable  -O3 -DNDEBUG  -DNDEBUG -std=c++11 -fPIE    -Wno-shorten-64-to-32 -o CMakeFiles/cmTC_5f749.dir/src.cxx.o -c /root/opencv/build/CMakeFiles/CMakeTmp/src.cxx
/root/opencv/build/CMakeFiles/CMakeTmp/src.cxx:1: warning: ignoring ‘#pragma  ’ [-Wunknown-pragmas]
    1 | #pragma
      | 
cc1plus: note: unrecognized command-line option ‘-Wno-shorten-64-to-32’ may have been intended to silence earlier diagnostics
Linking CXX executable cmTC_5f749
/usr/local/lib/python3.10/dist-packages/cmake/data/bin/cmake -E cmake_link_script CMakeFiles/cmTC_5f749.dir/link.txt --verbose=1
/usr/bin/c++    -fsigned-char -W -Wall -Wreturn-type -Wnon-virtual-dtor -Waddress -Wsequence-point -Wformat -Wformat-security -Winit-self -Wpointer-arith -Wuninitialized -Wsuggest-override -Wno-delete-non-virtual-dtor -Wno-comment -Wimplicit-fallthrough=3 -Wno-strict-overflow -fdiagnostics-show-option -Wno-long-long -pthread -fomit-frame-pointer -ffunction-sections -fdata-sections  -msse -msse2 -msse3 -fvisibility=hidden -fvisibility-inlines-hidden -Wno-deprecated -Wno-missing-declarations -Wno-shadow -Wno-unused-parameter -Wno-unused-local-typedefs -Wno-sign-compare -Wno-sign-promo -Wno-undef -Wno-ignored-qualifiers -Wno-extra -Wno-unused-function -Wno-unused-const-variable  -O3 -DNDEBUG  -DNDEBUG   -Wl,--gc-sections -Wl,--as-needed -Wl,--no-undefined  CMakeFiles/cmTC_5f749.dir/src.cxx.o -o cmTC_5f749 
gmake[1]: Leaving directory '/root/opencv/build/CMakeFiles/CMakeTmp'


===== END =====

Build output check failed:
    Regex: 'unrecognized .*option'
    Output line: 'cc1plus: note: unrecognized command-line option ‘-Wno-enum-compare-switch’ may have been intended to silence earlier diagnostics'
Compilation failed:
    source file: '/root/opencv/build/CMakeFiles/CMakeTmp/src.cxx'
    check option: ' -Wno-enum-compare-switch'
===== BUILD LOG =====
Change Dir: '/root/opencv/build/CMakeFiles/CMakeTmp'

Run Build Command(s): /usr/local/lib/python3.10/dist-packages/cmake/data/bin/cmake -E env VERBOSE=1 /usr/bin/gmake -f Makefile cmTC_bc2df/fast
/usr/bin/gmake  -f CMakeFiles/cmTC_bc2df.dir/build.make CMakeFiles/cmTC_bc2df.dir/build
gmake[1]: Entering directory '/root/opencv/build/CMakeFiles/CMakeTmp'
Building CXX object CMakeFiles/cmTC_bc2df.dir/src.cxx.o
/usr/bin/c++   -fsigned-char -W -Wall -Wreturn-type -Wnon-virtual-dtor -Waddress -Wsequence-point -Wformat -Wformat-security -Winit-self -Wpointer-arith -Wuninitialized -Wsuggest-override -Wno-delete-non-virtual-dtor -Wno-comment -Wimplicit-fallthrough=3 -Wno-strict-overflow -fdiagnostics-show-option -Wno-long-long -pthread -fomit-frame-pointer -ffunction-sections -fdata-sections  -msse -msse2 -msse3 -fvisibility=hidden -fvisibility-inlines-hidden -Wno-deprecated -Wno-missing-declarations -Wno-shadow -Wno-unused-parameter -Wno-unused-local-typedefs -Wno-sign-compare -Wno-sign-promo -Wno-undef -Wno-ignored-qualifiers -Wno-extra -Wno-unused-function -Wno-unused-const-variable -Wno-invalid-offsetof  -O3 -DNDEBUG  -DNDEBUG -std=c++11 -fPIE    -Wno-enum-compare-switch -o CMakeFiles/cmTC_bc2df.dir/src.cxx.o -c /root/opencv/build/CMakeFiles/CMakeTmp/src.cxx
/root/opencv/build/CMakeFiles/CMakeTmp/src.cxx:1: warning: ignoring ‘#pragma  ’ [-Wunknown-pragmas]
    1 | #pragma
      | 
cc1plus: note: unrecognized command-line option ‘-Wno-enum-compare-switch’ may have been intended to silence earlier diagnostics
Linking CXX executable cmTC_bc2df
/usr/local/lib/python3.10/dist-packages/cmake/data/bin/cmake -E cmake_link_script CMakeFiles/cmTC_bc2df.dir/link.txt --verbose=1
/usr/bin/c++    -fsigned-char -W -Wall -Wreturn-type -Wnon-virtual-dtor -Waddress -Wsequence-point -Wformat -Wformat-security -Winit-self -Wpointer-arith -Wuninitialized -Wsuggest-override -Wno-delete-non-virtual-dtor -Wno-comment -Wimplicit-fallthrough=3 -Wno-strict-overflow -fdiagnostics-show-option -Wno-long-long -pthread -fomit-frame-pointer -ffunction-sections -fdata-sections  -msse -msse2 -msse3 -fvisibility=hidden -fvisibility-inlines-hidden -Wno-deprecated -Wno-missing-declarations -Wno-shadow -Wno-unused-parameter -Wno-unused-local-typedefs -Wno-sign-compare -Wno-sign-promo -Wno-undef -Wno-ignored-qualifiers -Wno-extra -Wno-unused-function -Wno-unused-const-variable -Wno-invalid-offsetof  -O3 -DNDEBUG  -DNDEBUG   -Wl,--gc-sections -Wl,--as-needed -Wl,--no-undefined  CMakeFiles/cmTC_bc2df.dir/src.cxx.o -o cmTC_bc2df 
gmake[1]: Leaving directory '/root/opencv/build/CMakeFiles/CMakeTmp'


===== END =====

Build output check failed:
    Regex: 'unrecognized .*option'
    Output line: 'cc1plus: note: unrecognized command-line option ‘-Wno-inconsistent-missing-override’ may have been intended to silence earlier diagnostics'
Compilation failed:
    source file: '/root/opencv/build/CMakeFiles/CMakeTmp/src.cxx'
    check option: ' -Wno-inconsistent-missing-override'
===== BUILD LOG =====
Change Dir: '/root/opencv/build/CMakeFiles/CMakeTmp'

Run Build Command(s): /usr/local/lib/python3.10/dist-packages/cmake/data/bin/cmake -E env VERBOSE=1 /usr/bin/gmake -f Makefile cmTC_76daf/fast
/usr/bin/gmake  -f CMakeFiles/cmTC_76daf.dir/build.make CMakeFiles/cmTC_76daf.dir/build
gmake[1]: Entering directory '/root/opencv/build/CMakeFiles/CMakeTmp'
Building CXX object CMakeFiles/cmTC_76daf.dir/src.cxx.o
/usr/bin/c++   -fsigned-char -W -Wall -Wreturn-type -Wnon-virtual-dtor -Waddress -Wsequence-point -Wformat -Wformat-security -Winit-self -Wpointer-arith -Wuninitialized -Wno-delete-non-virtual-dtor -Wno-comment -Wimplicit-fallthrough=3 -Wno-strict-overflow -fdiagnostics-show-option -Wno-long-long -pthread -fomit-frame-pointer -ffunction-sections -fdata-sections  -msse -msse2 -msse3 -fvisibility=hidden -fvisibility-inlines-hidden -Wno-deprecated -Wno-missing-declarations -Wno-shadow -Wno-unused-parameter -Wno-unused-local-typedefs -Wno-sign-compare -Wno-sign-promo -Wno-undef -Wno-ignored-qualifiers -Wno-extra -Wno-unused-function -Wno-unused-const-variable -Wno-invalid-offsetof -Wno-suggest-override  -O3 -DNDEBUG  -DNDEBUG -std=c++11 -fPIE    -Wno-inconsistent-missing-override -o CMakeFiles/cmTC_76daf.dir/src.cxx.o -c /root/opencv/build/CMakeFiles/CMakeTmp/src.cxx
/root/opencv/build/CMakeFiles/CMakeTmp/src.cxx:1: warning: ignoring ‘#pragma  ’ [-Wunknown-pragmas]
    1 | #pragma
      | 
cc1plus: note: unrecognized command-line option ‘-Wno-inconsistent-missing-override’ may have been intended to silence earlier diagnostics
Linking CXX executable cmTC_76daf
/usr/local/lib/python3.10/dist-packages/cmake/data/bin/cmake -E cmake_link_script CMakeFiles/cmTC_76daf.dir/link.txt --verbose=1
/usr/bin/c++    -fsigned-char -W -Wall -Wreturn-type -Wnon-virtual-dtor -Waddress -Wsequence-point -Wformat -Wformat-security -Winit-self -Wpointer-arith -Wuninitialized -Wno-delete-non-virtual-dtor -Wno-comment -Wimplicit-fallthrough=3 -Wno-strict-overflow -fdiagnostics-show-option -Wno-long-long -pthread -fomit-frame-pointer -ffunction-sections -fdata-sections  -msse -msse2 -msse3 -fvisibility=hidden -fvisibility-inlines-hidden -Wno-deprecated -Wno-missing-declarations -Wno-shadow -Wno-unused-parameter -Wno-unused-local-typedefs -Wno-sign-compare -Wno-sign-promo -Wno-undef -Wno-ignored-qualifiers -Wno-extra -Wno-unused-function -Wno-unused-const-variable -Wno-invalid-offsetof -Wno-suggest-override  -O3 -DNDEBUG  -DNDEBUG   -Wl,--gc-sections -Wl,--as-needed -Wl,--no-undefined  CMakeFiles/cmTC_76daf.dir/src.cxx.o -o cmTC_76daf 
gmake[1]: Leaving directory '/root/opencv/build/CMakeFiles/CMakeTmp'


===== END =====

Build output check failed:
    Regex: 'unrecognized .*option'
    Output line: 'cc1plus: note: unrecognized command-line option ‘-Wno-comma’ may have been intended to silence earlier diagnostics'
Compilation failed:
    source file: '/root/opencv/build/CMakeFiles/CMakeTmp/src.cxx'
    check option: ' -Wno-comma'
===== BUILD LOG =====
Change Dir: '/root/opencv/build/CMakeFiles/CMakeTmp'

Run Build Command(s): /usr/local/lib/python3.10/dist-packages/cmake/data/bin/cmake -E env VERBOSE=1 /usr/bin/gmake -f Makefile cmTC_52006/fast
/usr/bin/gmake  -f CMakeFiles/cmTC_52006.dir/build.make CMakeFiles/cmTC_52006.dir/build
gmake[1]: Entering directory '/root/opencv/build/CMakeFiles/CMakeTmp'
Building CXX object CMakeFiles/cmTC_52006.dir/src.cxx.o
/usr/bin/c++   -fsigned-char -W -Wall -Wreturn-type -Wnon-virtual-dtor -Waddress -Wsequence-point -Wformat -Wformat-security -Winit-self -Wpointer-arith -Wuninitialized -Wno-delete-non-virtual-dtor -Wno-comment -Wno-strict-overflow -fdiagnostics-show-option -Wno-long-long -pthread -fomit-frame-pointer -ffunction-sections -fdata-sections  -msse -msse2 -msse3 -fvisibility=hidden -fvisibility-inlines-hidden -Wno-deprecated -Wno-missing-declarations -Wno-shadow -Wno-unused-parameter -Wno-unused-local-typedefs -Wno-sign-compare -Wno-sign-promo -Wno-undef -Wno-ignored-qualifiers -Wno-extra -Wno-unused-function -Wno-unused-const-variable -Wno-invalid-offsetof -Wno-suggest-override -Wno-implicit-fallthrough -Wno-array-bounds -Wno-stringop-overflow -Wno-stringop-overread -Wno-extra-semi  -O3 -DNDEBUG  -DNDEBUG -std=c++11 -fPIE    -Wno-comma -o CMakeFiles/cmTC_52006.dir/src.cxx.o -c /root/opencv/build/CMakeFiles/CMakeTmp/src.cxx
/root/opencv/build/CMakeFiles/CMakeTmp/src.cxx:1: warning: ignoring ‘#pragma  ’ [-Wunknown-pragmas]
    1 | #pragma
      | 
cc1plus: note: unrecognized command-line option ‘-Wno-comma’ may have been intended to silence earlier diagnostics
Linking CXX executable cmTC_52006
/usr/local/lib/python3.10/dist-packages/cmake/data/bin/cmake -E cmake_link_script CMakeFiles/cmTC_52006.dir/link.txt --verbose=1
/usr/bin/c++    -fsigned-char -W -Wall -Wreturn-type -Wnon-virtual-dtor -Waddress -Wsequence-point -Wformat -Wformat-security -Winit-self -Wpointer-arith -Wuninitialized -Wno-delete-non-virtual-dtor -Wno-comment -Wno-strict-overflow -fdiagnostics-show-option -Wno-long-long -pthread -fomit-frame-pointer -ffunction-sections -fdata-sections  -msse -msse2 -msse3 -fvisibility=hidden -fvisibility-inlines-hidden -Wno-deprecated -Wno-missing-declarations -Wno-shadow -Wno-unused-parameter -Wno-unused-local-typedefs -Wno-sign-compare -Wno-sign-promo -Wno-undef -Wno-ignored-qualifiers -Wno-extra -Wno-unused-function -Wno-unused-const-variable -Wno-invalid-offsetof -Wno-suggest-override -Wno-implicit-fallthrough -Wno-array-bounds -Wno-stringop-overflow -Wno-stringop-overread -Wno-extra-semi  -O3 -DNDEBUG  -DNDEBUG   -Wl,--gc-sections -Wl,--as-needed -Wl,--no-undefined  CMakeFiles/cmTC_52006.dir/src.cxx.o -o cmTC_52006 
gmake[1]: Leaving directory '/root/opencv/build/CMakeFiles/CMakeTmp'


===== END =====

Build output check failed:
    Regex: 'unrecognized .*option'
    Output line: 'cc1plus: note: unrecognized command-line option ‘-Wno-unused-private-field’ may have been intended to silence earlier diagnostics'
Compilation failed:
    source file: '/root/opencv/build/CMakeFiles/CMakeTmp/src.cxx'
    check option: ' -Wno-unused-private-field'
===== BUILD LOG =====
Change Dir: '/root/opencv/build/CMakeFiles/CMakeTmp'

Run Build Command(s): /usr/local/lib/python3.10/dist-packages/cmake/data/bin/cmake -E env VERBOSE=1 /usr/bin/gmake -f Makefile cmTC_0c146/fast
/usr/bin/gmake  -f CMakeFiles/cmTC_0c146.dir/build.make CMakeFiles/cmTC_0c146.dir/build
gmake[1]: Entering directory '/root/opencv/build/CMakeFiles/CMakeTmp'
Building CXX object CMakeFiles/cmTC_0c146.dir/src.cxx.o
/usr/bin/c++   -fsigned-char -W -Wall -Wreturn-type -Wnon-virtual-dtor -Waddress -Wsequence-point -Wformat -Wformat-security -Wmissing-declarations -Wundef -Winit-self -Wpointer-arith -Wshadow -Wsign-promo -Wuninitialized -Wsuggest-override -Wno-delete-non-virtual-dtor -Wno-comment -Wimplicit-fallthrough=3 -Wno-strict-overflow -fdiagnostics-show-option -Wno-long-long -pthread -fomit-frame-pointer -ffunction-sections -fdata-sections  -msse -msse2 -msse3 -fvisibility=hidden -fvisibility-inlines-hidden -Wno-unused-function -Wno-deprecated-declarations -Wno-overloaded-virtual  -O3 -DNDEBUG  -DNDEBUG -std=c++11 -fPIE    -Wno-unused-private-field -o CMakeFiles/cmTC_0c146.dir/src.cxx.o -c /root/opencv/build/CMakeFiles/CMakeTmp/src.cxx
/root/opencv/build/CMakeFiles/CMakeTmp/src.cxx:1: warning: ignoring ‘#pragma  ’ [-Wunknown-pragmas]
    1 | #pragma
      | 
cc1plus: note: unrecognized command-line option ‘-Wno-unused-private-field’ may have been intended to silence earlier diagnostics
Linking CXX executable cmTC_0c146
/usr/local/lib/python3.10/dist-packages/cmake/data/bin/cmake -E cmake_link_script CMakeFiles/cmTC_0c146.dir/link.txt --verbose=1
/usr/bin/c++    -fsigned-char -W -Wall -Wreturn-type -Wnon-virtual-dtor -Waddress -Wsequence-point -Wformat -Wformat-security -Wmissing-declarations -Wundef -Winit-self -Wpointer-arith -Wshadow -Wsign-promo -Wuninitialized -Wsuggest-override -Wno-delete-non-virtual-dtor -Wno-comment -Wimplicit-fallthrough=3 -Wno-strict-overflow -fdiagnostics-show-option -Wno-long-long -pthread -fomit-frame-pointer -ffunction-sections -fdata-sections  -msse -msse2 -msse3 -fvisibility=hidden -fvisibility-inlines-hidden -Wno-unused-function -Wno-deprecated-declarations -Wno-overloaded-virtual  -O3 -DNDEBUG  -DNDEBUG   -Wl,--gc-sections -Wl,--as-needed -Wl,--no-undefined  CMakeFiles/cmTC_0c146.dir/src.cxx.o -o cmTC_0c146 
gmake[1]: Leaving directory '/root/opencv/build/CMakeFiles/CMakeTmp'


===== END =====

